<?xml version="1.0" encoding="UTF-8"?>
<testsuite name="PlacesTest" tests="2" skipped="0" failures="0" errors="0" timestamp="2016-02-16T18:40:23" hostname="epicodus-62.local" time="0.001">
  <properties/>
  <testcase name="Places_instantiatesWithCity_true" classname="PlacesTest" time="0.0"/>
  <testcase name="Places_instantiatesCorrectly_true" classname="PlacesTest" time="0.0"/>
  <system-out><![CDATA[]]></system-out>
  <system-err><![CDATA[]]></system-err>
</testsuite>
