<?xml version="1.0" encoding="UTF-8"?>
<testsuite name="AppTest" tests="3" skipped="0" failures="0" errors="0" timestamp="2016-02-16T19:40:46" hostname="epicodus-62.local" time="0.372">
  <properties/>
  <testcase name="createPlace" classname="AppTest" time="0.32"/>
  <testcase name="rootTest" classname="AppTest" time="0.011"/>
  <testcase name="displaysMultiplePlaces" classname="AppTest" time="0.028"/>
  <system-out><![CDATA[]]></system-out>
  <system-err><![CDATA[[Thread-4] INFO spark.webserver.SparkServer - == Spark has ignited ...
[Thread-4] INFO spark.webserver.SparkServer - >> Listening on 0.0.0.0:4567
[Thread-4] INFO org.eclipse.jetty.server.Server - jetty-9.0.2.v20130417
[Thread-4] INFO org.eclipse.jetty.server.ServerConnector - Started ServerConnector@293e1b93{HTTP/1.1}{0.0.0.0:4567}
[Test worker] INFO spark.webserver.SparkServer - >>> Spark shutting down ...
[Test worker] INFO org.eclipse.jetty.server.Server - Graceful shutdown org.eclipse.jetty.server.Server@b9147c1 by 
[Test worker] INFO org.eclipse.jetty.server.ServerConnector - Stopped ServerConnector@293e1b93{HTTP/1.1}{0.0.0.0:4567}
[Test worker] INFO spark.webserver.SparkServer - done
]]></system-err>
</testsuite>
